1619413836384	geckodriver	INFO	Listening on 127.0.0.1:49429
1619413839411	mozrunner::runner	INFO	Running command: "C:\\Program Files\\Mozilla Firefox\\firefox.exe" "--marionette" "-foreground" "-no-remote" "-profile" "C:\\Users\\nurul\\AppData\\Local\\Temp\\rust_mozprofileFuR38S"
console.warn: SearchSettings: "get: No settings file exists, new profile?" (new Error("", "(unknown module)"))
1619413847051	Marionette	INFO	Listening on port 49438
1619413847489	Marionette	WARN	TLS certificate errors will be ignored for this session
1619413850104	Marionette	INFO	Stopped listening on port 49438
JavaScript error: resource://gre/modules/UrlClassifierListManager.jsm, line 691: TypeError: this.tablesData[table] is undefined
console.log: "RemoteSettingsWorker error: Error: Can't import when we've started shutting down."
console.log: "RemoteSettingsWorker error: Error: Can't import when we've started shutting down."
console.error: "Could not load engine google@search.mozilla.org: [Exception... \"AddonManager is not initialized\"  nsresult: \"0xc1f30001 (NS_ERROR_NOT_INITIALIZED)\"  location: \"JS frame :: resource://gre/modules/AddonManager.jsm :: installBuiltinAddon :: line 2550\"  data: no]"
console.error: "Could not load engine amazondotcom@search.mozilla.org: [Exception... \"AddonManager is not initialized\"  nsresult: \"0xc1f30001 (NS_ERROR_NOT_INITIALIZED)\"  location: \"JS frame :: resource://gre/modules/AddonManager.jsm :: installBuiltinAddon :: line 2550\"  data: no]"
console.error: "Could not load engine wikipedia@search.mozilla.org: [Exception... \"AddonManager is not initialized\"  nsresult: \"0xc1f30001 (NS_ERROR_NOT_INITIALIZED)\"  location: \"JS frame :: resource://gre/modules/AddonManager.jsm :: installBuiltinAddon :: line 2550\"  data: no]"
console.error: "Could not load engine bing@search.mozilla.org: [Exception... \"AddonManager is not initialized\"  nsresult: \"0xc1f30001 (NS_ERROR_NOT_INITIALIZED)\"  location: \"JS frame :: resource://gre/modules/AddonManager.jsm :: installBuiltinAddon :: line 2550\"  data: no]"
console.error: "Could not load engine ddg@search.mozilla.org: [Exception... \"AddonManager is not initialized\"  nsresult: \"0xc1f30001 (NS_ERROR_NOT_INITIALIZED)\"  location: \"JS frame :: resource://gre/modules/AddonManager.jsm :: installBuiltinAddon :: line 2550\"  data: no]"
console.warn: SearchService: "_init: abandoning init due to shutting down"
console.log: "RemoteSettingsWorker error: Error: Can't import when we've started shutting down."
JavaScript error: resource://gre/modules/AsyncShutdown.jsm, line 575: uncaught exception: 2147500036
JavaScript error: resource://gre/modules/AsyncShutdown.jsm, line 575: uncaught exception: 2147500036
JavaScript error: resource://gre/modules/AsyncShutdown.jsm, line 575: uncaught exception: 2147500036
JavaScript error: resource://gre/modules/AsyncShutdown.jsm, line 575: uncaught exception: 2147500036
JavaScript error: resource://gre/modules/AsyncShutdown.jsm, line 575: uncaught exception: 2147500036
JavaScript error: resource://gre/modules/AsyncShutdown.jsm, line 575: uncaught exception: 2147500036
JavaScript error: resource://gre/modules/AsyncShutdown.jsm, line 575: uncaught exception: 2147500036
JavaScript error: resource://gre/modules/AsyncShutdown.jsm, line 575: uncaught exception: 2147500036
console.log: "RemoteSettingsWorker error: Error: Can't import when we've started shutting down."
JavaScript error: resource://gre/modules/AsyncShutdown.jsm, line 575: uncaught exception: 2147500036
JavaScript error: resource:///modules/EveryWindow.jsm, line 37: NS_ERROR_UNEXPECTED: Component returned failure code: 0x8000ffff (NS_ERROR_UNEXPECTED) [nsIWindowMediator.getEnumerator]
JavaScript error: resource://gre/modules/CrashManager.jsm, line 833: NotAllowedError: Shutting down and refusing additional I/O tasks
